<?xml version="1.0" encoding="UTF-8"?>
<testng-results ignored="0" total="1" passed="1" failed="0" skipped="0">
  <reporter-output>
  </reporter-output>
  <suite started-at="2023-05-14T15:21:41 IST" name="manipal testng suite" finished-at="2023-05-14T15:22:24 IST" duration-ms="42559">
    <groups>
    </groups>
    <test started-at="2023-05-14T15:21:41 IST" name="Functional  testing" finished-at="2023-05-14T15:22:24 IST" duration-ms="42559">
      <class name="org.example.application">
        <test-method signature="testing()[pri:0, instance:org.example.application@3ba9ad43]" started-at="2023-05-14T15:21:42 IST" name="testing" finished-at="2023-05-14T15:22:24 IST" duration-ms="42406" status="PASS">
          <reporter-output>
          </reporter-output>
        </test-method> <!-- testing -->
      </class> <!-- org.example.application -->
    </test> <!-- Functional  testing -->
  </suite> <!-- manipal testng suite -->
</testng-results>
